<?xml version="1.0" encoding="UTF-8"?>
<!-- Generated by org.testng.reporters.JUnitReportReporter -->
<testsuite hostname="DESKTOP-13QQG5A" failures="0" tests="5" name="TestNGpractice.TestNGPriority" time="15.230" errors="0" timestamp="2023-04-27T17:41:48 IST" skipped="1">
  <testcase classname="TestNGpractice.TestNGPriority" name="validateGmaillinkTest" time="5.290"/>
  <system-out/>
  <testcase classname="TestNGpractice.TestNGPriority" name="validateImagelinkTest" time="3.298"/>
  <system-out/>
  <testcase classname="TestNGpractice.TestNGPriority" name="validateImagelinkTest" time="3.263"/>
  <system-out/>
  <testcase classname="TestNGpractice.TestNGPriority" name="validateImagelinkTest" time="3.379"/>
  <system-out/>
  <testcase classname="TestNGpractice.TestNGPriority" name="validateGooglelogoTest">
    <skipped/>
  </testcase> <!-- validateGooglelogoTest -->
  <system-out/>
</testsuite> <!-- TestNGpractice.TestNGPriority -->
