<?xml version="1.0" encoding="UTF-8"?>
<!-- Generated by org.testng.reporters.JUnitReportReporter -->
<testsuite hostname="DESKTOP-13QQG5A" failures="0" tests="1" name="TestNGpractice.PropertiesFileConcept" time="15.091" errors="0" timestamp="2023-05-13T21:57:32 IST" skipped="0">
  <testcase classname="TestNGpractice.PropertiesFileConcept" name="ValidateLoginTests" time="15.091"/>
  <system-out/>
</testsuite> <!-- TestNGpractice.PropertiesFileConcept -->
