<?xml version="1.0" encoding="UTF-8"?>
<!-- Generated by org.testng.reporters.JUnitReportReporter -->
<testsuite hostname="DESKTOP-13QQG5A" failures="0" tests="4" name="TestNGpractice.crossBrowserTesting" time="35.137" errors="0" timestamp="2023-05-16T19:33:58 IST" skipped="0">
  <testcase classname="TestNGpractice.crossBrowserTesting" name="googleSerachTest" time="9.153"/>
  <system-out/>
  <testcase classname="TestNGpractice.crossBrowserTesting" name="googleSerachTest" time="7.423"/>
  <system-out/>
  <testcase classname="TestNGpractice.crossBrowserTesting" name="yahooSearchTest" time="13.490"/>
  <system-out/>
  <testcase classname="TestNGpractice.crossBrowserTesting" name="yahooSearchTest" time="5.071"/>
  <system-out/>
</testsuite> <!-- TestNGpractice.crossBrowserTesting -->
