<?xml version="1.0" encoding="UTF-8"?>
<!-- Generated by org.testng.reporters.JUnitReportReporter -->
<testsuite hostname="DESKTOP-13QQG5A" failures="0" tests="1" name="TestNGpractice.ParametersConcept" time="13.346" errors="0" timestamp="2023-04-28T19:41:07 IST" skipped="0">
  <testcase classname="TestNGpractice.ParametersConcept" name="ValidateLoginTests" time="13.346"/>
  <system-out/>
</testsuite> <!-- TestNGpractice.ParametersConcept -->
