<?xml version="1.0" encoding="UTF-8"?>
<!-- Generated by org.testng.reporters.JUnitReportReporter -->
<testsuite hostname="DESKTOP-13QQG5A" failures="0" tests="2" name="TestNGpractice.GroupsConsept" time="0.020" errors="0" timestamp="2023-04-27T19:17:40 IST" skipped="0">
  <testcase classname="TestNGpractice.GroupsConsept" name="createCompanyTest" time="0.014"/>
  <system-out/>
  <testcase classname="TestNGpractice.GroupsConsept" name="createContactTest" time="0.006"/>
  <system-out/>
</testsuite> <!-- TestNGpractice.GroupsConsept -->
